<?xml version="1.0" encoding="UTF-8"?>
<testng-results skipped="0" failed="0" ignored="0" total="1" passed="1">
  <reporter-output>
    <line>
      <![CDATA[FAIL]]>
    </line>
    <line>
      <![CDATA[999 < 999]]>
    </line>
    <line>
      <![CDATA[FAIL]]>
    </line>
    <line>
      <![CDATA[999 < 999]]>
    </line>
    <line>
      <![CDATA[FAIL]]>
    </line>
    <line>
      <![CDATA[549 < 549]]>
    </line>
    <line>
      <![CDATA[FAIL]]>
    </line>
    <line>
      <![CDATA[649 < 649]]>
    </line>
    <line>
      <![CDATA[FAIL]]>
    </line>
    <line>
      <![CDATA[1399 < 1399]]>
    </line>
    <line>
      <![CDATA[FAIL]]>
    </line>
    <line>
      <![CDATA[1899 < 1899]]>
    </line>
  </reporter-output>
  <suite name="Default suite" duration-ms="91372" started-at="2018-03-01T10:00:51Z" finished-at="2018-03-01T10:02:22Z">
    <groups>
    </groups>
    <test name="Default test" duration-ms="91372" started-at="2018-03-01T10:00:51Z" finished-at="2018-03-01T10:02:22Z">
      <class name="Little_App_Scripts.Test_HomePage">
        <test-method status="PASS" signature="openapp()[pri:0, instance:Little_App_Scripts.Test_HomePage@6f7fd0e6]" name="openapp" is-config="true" duration-ms="28825" started-at="2018-03-01T15:30:51Z" finished-at="2018-03-01T15:31:19Z">
          <reporter-output>
          </reporter-output>
        </test-method> <!-- openapp -->
        <test-method status="PASS" signature="testhomepage()[pri:0, instance:Little_App_Scripts.Test_HomePage@6f7fd0e6]" name="testhomepage" duration-ms="62521" started-at="2018-03-01T15:31:19Z" finished-at="2018-03-01T15:32:22Z">
          <reporter-output>
            <line>
              <![CDATA[FAIL]]>
            </line>
            <line>
              <![CDATA[999 < 999]]>
            </line>
            <line>
              <![CDATA[FAIL]]>
            </line>
            <line>
              <![CDATA[999 < 999]]>
            </line>
            <line>
              <![CDATA[FAIL]]>
            </line>
            <line>
              <![CDATA[549 < 549]]>
            </line>
            <line>
              <![CDATA[FAIL]]>
            </line>
            <line>
              <![CDATA[649 < 649]]>
            </line>
            <line>
              <![CDATA[FAIL]]>
            </line>
            <line>
              <![CDATA[1399 < 1399]]>
            </line>
            <line>
              <![CDATA[FAIL]]>
            </line>
            <line>
              <![CDATA[1899 < 1899]]>
            </line>
          </reporter-output>
        </test-method> <!-- testhomepage -->
        <test-method status="PASS" signature="closeapp()[pri:0, instance:Little_App_Scripts.Test_HomePage@6f7fd0e6]" name="closeapp" is-config="true" duration-ms="0" started-at="2018-03-01T15:32:22Z" finished-at="2018-03-01T15:32:22Z">
          <reporter-output>
          </reporter-output>
        </test-method> <!-- closeapp -->
      </class> <!-- Little_App_Scripts.Test_HomePage -->
    </test> <!-- Default test -->
  </suite> <!-- Default suite -->
</testng-results>
